2020-11-25 11:32:52.244 [http-nio-8085-exec-3] DEBUG c.a.q.d.U.selectAllByName -==>  Preparing: SELECT id,username,password,status FROM user_into WHERE username =? AND status="1" 
2020-11-25 11:32:52.244 [http-nio-8085-exec-3] DEBUG c.a.q.d.U.selectAllByName -==>  Preparing: SELECT id,username,password,status FROM user_into WHERE username =? AND status="1" 
2020-11-25 11:32:52.272 [http-nio-8085-exec-3] DEBUG c.a.q.d.U.selectAllByName -==> Parameters: admin(String)
2020-11-25 11:32:52.272 [http-nio-8085-exec-3] DEBUG c.a.q.d.U.selectAllByName -==> Parameters: admin(String)
2020-11-25 11:32:53.232 [http-nio-8085-exec-4] DEBUG c.a.q.d.U.selectAllByName -==>  Preparing: SELECT id,username,password,status FROM user_into WHERE username =? AND status="1" 
2020-11-25 11:32:53.232 [http-nio-8085-exec-4] DEBUG c.a.q.d.U.selectAllByName -==>  Preparing: SELECT id,username,password,status FROM user_into WHERE username =? AND status="1" 
2020-11-25 11:32:53.260 [http-nio-8085-exec-4] DEBUG c.a.q.d.U.selectAllByName -==> Parameters: admin(String)
2020-11-25 11:32:53.260 [http-nio-8085-exec-4] DEBUG c.a.q.d.U.selectAllByName -==> Parameters: admin(String)
2020-11-25 11:32:54.476 [http-nio-8085-exec-5] DEBUG c.a.q.d.U.selectAllByName -==>  Preparing: SELECT id,username,password,status FROM user_into WHERE username =? AND status="1" 
2020-11-25 11:32:54.476 [http-nio-8085-exec-5] DEBUG c.a.q.d.U.selectAllByName -==>  Preparing: SELECT id,username,password,status FROM user_into WHERE username =? AND status="1" 
2020-11-25 11:32:54.476 [http-nio-8085-exec-5] DEBUG c.a.q.d.U.selectAllByName -==> Parameters: admin(String)
2020-11-25 11:32:54.476 [http-nio-8085-exec-5] DEBUG c.a.q.d.U.selectAllByName -==> Parameters: admin(String)
2020-11-25 11:32:55.598 [http-nio-8085-exec-6] DEBUG c.a.q.d.U.selectAllByName -==>  Preparing: SELECT id,username,password,status FROM user_into WHERE username =? AND status="1" 
2020-11-25 11:32:55.598 [http-nio-8085-exec-6] DEBUG c.a.q.d.U.selectAllByName -==>  Preparing: SELECT id,username,password,status FROM user_into WHERE username =? AND status="1" 
2020-11-25 11:32:55.599 [http-nio-8085-exec-6] DEBUG c.a.q.d.U.selectAllByName -==> Parameters: admin(String)
2020-11-25 11:32:55.599 [http-nio-8085-exec-6] DEBUG c.a.q.d.U.selectAllByName -==> Parameters: admin(String)
2020-11-25 11:32:55.752 [http-nio-8085-exec-7] DEBUG c.a.q.d.U.selectAllByName -==>  Preparing: SELECT id,username,password,status FROM user_into WHERE username =? AND status="1" 
2020-11-25 11:32:55.752 [http-nio-8085-exec-7] DEBUG c.a.q.d.U.selectAllByName -==>  Preparing: SELECT id,username,password,status FROM user_into WHERE username =? AND status="1" 
2020-11-25 11:32:55.753 [http-nio-8085-exec-7] DEBUG c.a.q.d.U.selectAllByName -==> Parameters: admin(String)
2020-11-25 11:32:55.753 [http-nio-8085-exec-7] DEBUG c.a.q.d.U.selectAllByName -==> Parameters: admin(String)
2020-11-25 11:32:55.912 [http-nio-8085-exec-8] DEBUG c.a.q.d.U.selectAllByName -==>  Preparing: SELECT id,username,password,status FROM user_into WHERE username =? AND status="1" 
2020-11-25 11:32:55.912 [http-nio-8085-exec-8] DEBUG c.a.q.d.U.selectAllByName -==>  Preparing: SELECT id,username,password,status FROM user_into WHERE username =? AND status="1" 
2020-11-25 11:32:55.913 [http-nio-8085-exec-8] DEBUG c.a.q.d.U.selectAllByName -==> Parameters: admin(String)
2020-11-25 11:32:55.913 [http-nio-8085-exec-8] DEBUG c.a.q.d.U.selectAllByName -==> Parameters: admin(String)
2020-11-25 11:32:57.317 [http-nio-8085-exec-9] DEBUG c.a.q.d.U.selectAllByName -==>  Preparing: SELECT id,username,password,status FROM user_into WHERE username =? AND status="1" 
2020-11-25 11:32:57.317 [http-nio-8085-exec-9] DEBUG c.a.q.d.U.selectAllByName -==>  Preparing: SELECT id,username,password,status FROM user_into WHERE username =? AND status="1" 
2020-11-25 11:32:57.318 [http-nio-8085-exec-9] DEBUG c.a.q.d.U.selectAllByName -==> Parameters: admin(String)
2020-11-25 11:32:57.318 [http-nio-8085-exec-9] DEBUG c.a.q.d.U.selectAllByName -==> Parameters: admin(String)
2020-11-25 11:32:57.475 [http-nio-8085-exec-10] DEBUG c.a.q.d.U.selectAllByName -==>  Preparing: SELECT id,username,password,status FROM user_into WHERE username =? AND status="1" 
2020-11-25 11:32:57.475 [http-nio-8085-exec-10] DEBUG c.a.q.d.U.selectAllByName -==>  Preparing: SELECT id,username,password,status FROM user_into WHERE username =? AND status="1" 
2020-11-25 11:32:57.475 [http-nio-8085-exec-10] DEBUG c.a.q.d.U.selectAllByName -==> Parameters: admin(String)
2020-11-25 11:32:57.475 [http-nio-8085-exec-10] DEBUG c.a.q.d.U.selectAllByName -==> Parameters: admin(String)
2020-11-25 11:32:57.626 [http-nio-8085-exec-1] DEBUG c.a.q.d.U.selectAllByName -==>  Preparing: SELECT id,username,password,status FROM user_into WHERE username =? AND status="1" 
2020-11-25 11:32:57.626 [http-nio-8085-exec-1] DEBUG c.a.q.d.U.selectAllByName -==>  Preparing: SELECT id,username,password,status FROM user_into WHERE username =? AND status="1" 
2020-11-25 11:32:57.626 [http-nio-8085-exec-1] DEBUG c.a.q.d.U.selectAllByName -==> Parameters: admin(String)
2020-11-25 11:32:57.626 [http-nio-8085-exec-1] DEBUG c.a.q.d.U.selectAllByName -==> Parameters: admin(String)
2020-11-25 11:32:57.774 [http-nio-8085-exec-2] DEBUG c.a.q.d.U.selectAllByName -==>  Preparing: SELECT id,username,password,status FROM user_into WHERE username =? AND status="1" 
2020-11-25 11:32:57.774 [http-nio-8085-exec-2] DEBUG c.a.q.d.U.selectAllByName -==>  Preparing: SELECT id,username,password,status FROM user_into WHERE username =? AND status="1" 
2020-11-25 11:32:57.775 [http-nio-8085-exec-2] DEBUG c.a.q.d.U.selectAllByName -==> Parameters: admin(String)
2020-11-25 11:32:57.775 [http-nio-8085-exec-2] DEBUG c.a.q.d.U.selectAllByName -==> Parameters: admin(String)
2020-11-25 11:33:25.586 [http-nio-8085-exec-3] DEBUG c.a.q.d.U.selectAllByName -==>  Preparing: SELECT id,username,password,status FROM user_into WHERE username =? AND status="1" 
2020-11-25 11:33:25.586 [http-nio-8085-exec-3] DEBUG c.a.q.d.U.selectAllByName -==>  Preparing: SELECT id,username,password,status FROM user_into WHERE username =? AND status="1" 
2020-11-25 11:33:25.587 [http-nio-8085-exec-3] DEBUG c.a.q.d.U.selectAllByName -==> Parameters: admin(String)
2020-11-25 11:33:25.587 [http-nio-8085-exec-3] DEBUG c.a.q.d.U.selectAllByName -==> Parameters: admin(String)
2020-11-25 11:33:27.990 [http-nio-8085-exec-4] DEBUG c.a.q.d.U.selectAllByName -==>  Preparing: SELECT id,username,password,status FROM user_into WHERE username =? AND status="1" 
2020-11-25 11:33:27.990 [http-nio-8085-exec-4] DEBUG c.a.q.d.U.selectAllByName -==>  Preparing: SELECT id,username,password,status FROM user_into WHERE username =? AND status="1" 
2020-11-25 11:33:27.990 [http-nio-8085-exec-4] DEBUG c.a.q.d.U.selectAllByName -==> Parameters: admin(String)
2020-11-25 11:33:27.990 [http-nio-8085-exec-4] DEBUG c.a.q.d.U.selectAllByName -==> Parameters: admin(String)
2020-11-25 11:33:29.418 [http-nio-8085-exec-5] DEBUG c.a.q.d.U.selectAllByName -==>  Preparing: SELECT id,username,password,status FROM user_into WHERE username =? AND status="1" 
2020-11-25 11:33:29.418 [http-nio-8085-exec-5] DEBUG c.a.q.d.U.selectAllByName -==>  Preparing: SELECT id,username,password,status FROM user_into WHERE username =? AND status="1" 
2020-11-25 11:33:29.418 [http-nio-8085-exec-5] DEBUG c.a.q.d.U.selectAllByName -==> Parameters: admin(String)
2020-11-25 11:33:29.418 [http-nio-8085-exec-5] DEBUG c.a.q.d.U.selectAllByName -==> Parameters: admin(String)
2020-11-25 11:33:36.962 [http-nio-8085-exec-8] DEBUG c.a.q.d.U.selectAllByName -==>  Preparing: SELECT id,username,password,status FROM user_into WHERE username =? AND status="1" 
2020-11-25 11:33:36.962 [http-nio-8085-exec-8] DEBUG c.a.q.d.U.selectAllByName -==>  Preparing: SELECT id,username,password,status FROM user_into WHERE username =? AND status="1" 
2020-11-25 11:33:36.963 [http-nio-8085-exec-8] DEBUG c.a.q.d.U.selectAllByName -==> Parameters: admin(String)
2020-11-25 11:33:36.963 [http-nio-8085-exec-8] DEBUG c.a.q.d.U.selectAllByName -==> Parameters: admin(String)
2020-11-25 11:34:11.320 [http-nio-8085-exec-1] DEBUG c.a.q.d.U.selectAllByName -==>  Preparing: SELECT id,username,password,status FROM user_into WHERE username =? AND status="1" 
2020-11-25 11:34:11.320 [http-nio-8085-exec-1] DEBUG c.a.q.d.U.selectAllByName -==>  Preparing: SELECT id,username,password,status FROM user_into WHERE username =? AND status="1" 
2020-11-25 11:34:11.321 [http-nio-8085-exec-1] DEBUG c.a.q.d.U.selectAllByName -==> Parameters: admin(String)
2020-11-25 11:34:11.321 [http-nio-8085-exec-1] DEBUG c.a.q.d.U.selectAllByName -==> Parameters: admin(String)
2020-11-25 11:34:12.558 [http-nio-8085-exec-2] DEBUG c.a.q.d.U.selectAllByName -==>  Preparing: SELECT id,username,password,status FROM user_into WHERE username =? AND status="1" 
2020-11-25 11:34:12.558 [http-nio-8085-exec-2] DEBUG c.a.q.d.U.selectAllByName -==>  Preparing: SELECT id,username,password,status FROM user_into WHERE username =? AND status="1" 
2020-11-25 11:34:12.560 [http-nio-8085-exec-2] DEBUG c.a.q.d.U.selectAllByName -==> Parameters: admin(String)
2020-11-25 11:34:12.560 [http-nio-8085-exec-2] DEBUG c.a.q.d.U.selectAllByName -==> Parameters: admin(String)
2020-11-25 11:34:14.850 [http-nio-8085-exec-3] DEBUG c.a.q.d.U.selectAllByName -==>  Preparing: SELECT id,username,password,status FROM user_into WHERE username =? AND status="1" 
2020-11-25 11:34:14.850 [http-nio-8085-exec-3] DEBUG c.a.q.d.U.selectAllByName -==>  Preparing: SELECT id,username,password,status FROM user_into WHERE username =? AND status="1" 
2020-11-25 11:34:14.851 [http-nio-8085-exec-3] DEBUG c.a.q.d.U.selectAllByName -==> Parameters: admin(String)
2020-11-25 11:34:14.851 [http-nio-8085-exec-3] DEBUG c.a.q.d.U.selectAllByName -==> Parameters: admin(String)
2020-11-25 11:34:15.031 [http-nio-8085-exec-4] DEBUG c.a.q.d.U.selectAllByName -==>  Preparing: SELECT id,username,password,status FROM user_into WHERE username =? AND status="1" 
2020-11-25 11:34:15.031 [http-nio-8085-exec-4] DEBUG c.a.q.d.U.selectAllByName -==>  Preparing: SELECT id,username,password,status FROM user_into WHERE username =? AND status="1" 
2020-11-25 11:34:15.032 [http-nio-8085-exec-4] DEBUG c.a.q.d.U.selectAllByName -==> Parameters: admin(String)
2020-11-25 11:34:15.032 [http-nio-8085-exec-4] DEBUG c.a.q.d.U.selectAllByName -==> Parameters: admin(String)
2020-11-25 11:34:15.225 [http-nio-8085-exec-5] DEBUG c.a.q.d.U.selectAllByName -==>  Preparing: SELECT id,username,password,status FROM user_into WHERE username =? AND status="1" 
2020-11-25 11:34:15.225 [http-nio-8085-exec-5] DEBUG c.a.q.d.U.selectAllByName -==>  Preparing: SELECT id,username,password,status FROM user_into WHERE username =? AND status="1" 
2020-11-25 11:34:15.225 [http-nio-8085-exec-5] DEBUG c.a.q.d.U.selectAllByName -==> Parameters: admin(String)
2020-11-25 11:34:15.225 [http-nio-8085-exec-5] DEBUG c.a.q.d.U.selectAllByName -==> Parameters: admin(String)
2020-11-25 11:34:15.376 [http-nio-8085-exec-6] DEBUG c.a.q.d.U.selectAllByName -==>  Preparing: SELECT id,username,password,status FROM user_into WHERE username =? AND status="1" 
2020-11-25 11:34:15.376 [http-nio-8085-exec-6] DEBUG c.a.q.d.U.selectAllByName -==>  Preparing: SELECT id,username,password,status FROM user_into WHERE username =? AND status="1" 
2020-11-25 11:34:15.376 [http-nio-8085-exec-6] DEBUG c.a.q.d.U.selectAllByName -==> Parameters: admin(String)
2020-11-25 11:34:15.376 [http-nio-8085-exec-6] DEBUG c.a.q.d.U.selectAllByName -==> Parameters: admin(String)
2020-11-25 11:34:15.559 [http-nio-8085-exec-7] DEBUG c.a.q.d.U.selectAllByName -==>  Preparing: SELECT id,username,password,status FROM user_into WHERE username =? AND status="1" 
2020-11-25 11:34:15.559 [http-nio-8085-exec-7] DEBUG c.a.q.d.U.selectAllByName -==>  Preparing: SELECT id,username,password,status FROM user_into WHERE username =? AND status="1" 
2020-11-25 11:34:15.559 [http-nio-8085-exec-7] DEBUG c.a.q.d.U.selectAllByName -==> Parameters: admin(String)
2020-11-25 11:34:15.559 [http-nio-8085-exec-7] DEBUG c.a.q.d.U.selectAllByName -==> Parameters: admin(String)
2020-11-25 11:34:15.720 [http-nio-8085-exec-8] DEBUG c.a.q.d.U.selectAllByName -==>  Preparing: SELECT id,username,password,status FROM user_into WHERE username =? AND status="1" 
2020-11-25 11:34:15.720 [http-nio-8085-exec-8] DEBUG c.a.q.d.U.selectAllByName -==>  Preparing: SELECT id,username,password,status FROM user_into WHERE username =? AND status="1" 
2020-11-25 11:34:15.720 [http-nio-8085-exec-8] DEBUG c.a.q.d.U.selectAllByName -==> Parameters: admin(String)
2020-11-25 11:34:15.720 [http-nio-8085-exec-8] DEBUG c.a.q.d.U.selectAllByName -==> Parameters: admin(String)
2020-11-25 11:34:16.258 [http-nio-8085-exec-9] DEBUG c.a.q.d.U.selectAllByName -==>  Preparing: SELECT id,username,password,status FROM user_into WHERE username =? AND status="1" 
2020-11-25 11:34:16.258 [http-nio-8085-exec-9] DEBUG c.a.q.d.U.selectAllByName -==>  Preparing: SELECT id,username,password,status FROM user_into WHERE username =? AND status="1" 
2020-11-25 11:34:16.258 [http-nio-8085-exec-9] DEBUG c.a.q.d.U.selectAllByName -==> Parameters: admin(String)
2020-11-25 11:34:16.258 [http-nio-8085-exec-9] DEBUG c.a.q.d.U.selectAllByName -==> Parameters: admin(String)
2020-11-25 11:34:23.154 [http-nio-8085-exec-10] DEBUG c.a.q.d.U.selectAllByName -==>  Preparing: SELECT id,username,password,status FROM user_into WHERE username =? AND status="1" 
2020-11-25 11:34:23.154 [http-nio-8085-exec-10] DEBUG c.a.q.d.U.selectAllByName -==>  Preparing: SELECT id,username,password,status FROM user_into WHERE username =? AND status="1" 
2020-11-25 11:34:23.155 [http-nio-8085-exec-10] DEBUG c.a.q.d.U.selectAllByName -==> Parameters: admin(String)
2020-11-25 11:34:23.155 [http-nio-8085-exec-10] DEBUG c.a.q.d.U.selectAllByName -==> Parameters: admin(String)
2020-11-25 11:34:23.310 [http-nio-8085-exec-1] DEBUG c.a.q.d.U.selectAllByName -==>  Preparing: SELECT id,username,password,status FROM user_into WHERE username =? AND status="1" 
2020-11-25 11:34:23.310 [http-nio-8085-exec-1] DEBUG c.a.q.d.U.selectAllByName -==>  Preparing: SELECT id,username,password,status FROM user_into WHERE username =? AND status="1" 
2020-11-25 11:34:23.310 [http-nio-8085-exec-1] DEBUG c.a.q.d.U.selectAllByName -==> Parameters: admin(String)
2020-11-25 11:34:23.310 [http-nio-8085-exec-1] DEBUG c.a.q.d.U.selectAllByName -==> Parameters: admin(String)
2020-11-25 11:34:23.433 [http-nio-8085-exec-2] DEBUG c.a.q.d.U.selectAllByName -==>  Preparing: SELECT id,username,password,status FROM user_into WHERE username =? AND status="1" 
2020-11-25 11:34:23.433 [http-nio-8085-exec-2] DEBUG c.a.q.d.U.selectAllByName -==>  Preparing: SELECT id,username,password,status FROM user_into WHERE username =? AND status="1" 
2020-11-25 11:34:23.433 [http-nio-8085-exec-2] DEBUG c.a.q.d.U.selectAllByName -==> Parameters: admin(String)
2020-11-25 11:34:23.433 [http-nio-8085-exec-2] DEBUG c.a.q.d.U.selectAllByName -==> Parameters: admin(String)
2020-11-25 11:40:06.095 [http-nio-8085-exec-1] DEBUG c.a.q.d.U.selectAllByName -==>  Preparing: SELECT id,username,password,status FROM user_info WHERE username = ? AND status="1" 
2020-11-25 11:40:06.095 [http-nio-8085-exec-1] DEBUG c.a.q.d.U.selectAllByName -==>  Preparing: SELECT id,username,password,status FROM user_info WHERE username = ? AND status="1" 
2020-11-25 11:40:06.116 [http-nio-8085-exec-1] DEBUG c.a.q.d.U.selectAllByName -==> Parameters: admin(String)
2020-11-25 11:40:06.116 [http-nio-8085-exec-1] DEBUG c.a.q.d.U.selectAllByName -==> Parameters: admin(String)
2020-11-25 11:40:06.195 [http-nio-8085-exec-1] DEBUG c.a.q.d.U.selectAllByName -<==      Total: 1
2020-11-25 11:40:06.195 [http-nio-8085-exec-1] DEBUG c.a.q.d.U.selectAllByName -<==      Total: 1
2020-11-25 11:40:06.197 [http-nio-8085-exec-1] DEBUG c.a.q.d.U.selectAllByName -==>  Preparing: SELECT id,username,password,status FROM user_info WHERE username = ? AND status="1" 
2020-11-25 11:40:06.197 [http-nio-8085-exec-1] DEBUG c.a.q.d.U.selectAllByName -==>  Preparing: SELECT id,username,password,status FROM user_info WHERE username = ? AND status="1" 
2020-11-25 11:40:06.198 [http-nio-8085-exec-1] DEBUG c.a.q.d.U.selectAllByName -==> Parameters: admin(String)
2020-11-25 11:40:06.198 [http-nio-8085-exec-1] DEBUG c.a.q.d.U.selectAllByName -==> Parameters: admin(String)
2020-11-25 11:40:06.199 [http-nio-8085-exec-1] DEBUG c.a.q.d.U.selectAllByName -<==      Total: 1
2020-11-25 11:40:06.199 [http-nio-8085-exec-1] DEBUG c.a.q.d.U.selectAllByName -<==      Total: 1
2020-11-25 11:40:06.916 [http-nio-8085-exec-7] DEBUG c.a.q.d.P.queryProjectList -==>  Preparing: SELECT id,project_name as projectName,project_content as projectContent,creation_date as createDate FROM project_info WHERE 1 = 1 AND created_by = ? ORDER BY creation_date DESC 
2020-11-25 11:40:06.916 [http-nio-8085-exec-7] DEBUG c.a.q.d.P.queryProjectList -==>  Preparing: SELECT id,project_name as projectName,project_content as projectContent,creation_date as createDate FROM project_info WHERE 1 = 1 AND created_by = ? ORDER BY creation_date DESC 
2020-11-25 11:40:06.917 [http-nio-8085-exec-7] DEBUG c.a.q.d.P.queryProjectList -==> Parameters: admin(String)
2020-11-25 11:40:06.917 [http-nio-8085-exec-7] DEBUG c.a.q.d.P.queryProjectList -==> Parameters: admin(String)
2020-11-25 11:40:06.956 [http-nio-8085-exec-7] DEBUG c.a.q.d.P.queryProjectList -<==      Total: 2
2020-11-25 11:40:06.956 [http-nio-8085-exec-7] DEBUG c.a.q.d.P.queryProjectList -<==      Total: 2
2020-11-25 11:40:54.455 [http-nio-8085-exec-5] DEBUG c.a.q.d.U.selectAllByName -==>  Preparing: SELECT id,username,password,status FROM user_info WHERE username = ? AND status="1" 
2020-11-25 11:40:54.455 [http-nio-8085-exec-5] DEBUG c.a.q.d.U.selectAllByName -==>  Preparing: SELECT id,username,password,status FROM user_info WHERE username = ? AND status="1" 
2020-11-25 11:40:54.456 [http-nio-8085-exec-5] DEBUG c.a.q.d.U.selectAllByName -==> Parameters: admin(String)
2020-11-25 11:40:54.456 [http-nio-8085-exec-5] DEBUG c.a.q.d.U.selectAllByName -==> Parameters: admin(String)
2020-11-25 11:40:54.457 [http-nio-8085-exec-5] DEBUG c.a.q.d.U.selectAllByName -<==      Total: 1
2020-11-25 11:40:54.457 [http-nio-8085-exec-5] DEBUG c.a.q.d.U.selectAllByName -<==      Total: 1
2020-11-25 11:40:54.459 [http-nio-8085-exec-5] DEBUG c.a.q.d.U.selectAllByName -==>  Preparing: SELECT id,username,password,status FROM user_info WHERE username = ? AND status="1" 
2020-11-25 11:40:54.459 [http-nio-8085-exec-5] DEBUG c.a.q.d.U.selectAllByName -==>  Preparing: SELECT id,username,password,status FROM user_info WHERE username = ? AND status="1" 
2020-11-25 11:40:54.459 [http-nio-8085-exec-5] DEBUG c.a.q.d.U.selectAllByName -==> Parameters: admin(String)
2020-11-25 11:40:54.459 [http-nio-8085-exec-5] DEBUG c.a.q.d.U.selectAllByName -==> Parameters: admin(String)
2020-11-25 11:40:54.460 [http-nio-8085-exec-5] DEBUG c.a.q.d.U.selectAllByName -<==      Total: 1
2020-11-25 11:40:54.460 [http-nio-8085-exec-5] DEBUG c.a.q.d.U.selectAllByName -<==      Total: 1
2020-11-25 11:40:54.761 [http-nio-8085-exec-9] DEBUG c.a.q.d.P.queryProjectList -==>  Preparing: SELECT id,project_name as projectName,project_content as projectContent,creation_date as createDate FROM project_info WHERE 1 = 1 AND created_by = ? ORDER BY creation_date DESC 
2020-11-25 11:40:54.761 [http-nio-8085-exec-9] DEBUG c.a.q.d.P.queryProjectList -==>  Preparing: SELECT id,project_name as projectName,project_content as projectContent,creation_date as createDate FROM project_info WHERE 1 = 1 AND created_by = ? ORDER BY creation_date DESC 
2020-11-25 11:40:54.764 [http-nio-8085-exec-9] DEBUG c.a.q.d.P.queryProjectList -==> Parameters: admin(String)
2020-11-25 11:40:54.764 [http-nio-8085-exec-9] DEBUG c.a.q.d.P.queryProjectList -==> Parameters: admin(String)
2020-11-25 11:40:54.768 [http-nio-8085-exec-9] DEBUG c.a.q.d.P.queryProjectList -<==      Total: 2
2020-11-25 11:40:54.768 [http-nio-8085-exec-9] DEBUG c.a.q.d.P.queryProjectList -<==      Total: 2
2020-11-25 11:41:37.038 [http-nio-8085-exec-7] DEBUG c.a.q.d.P.queryProjectList -==>  Preparing: SELECT id,project_name as projectName,project_content as projectContent,creation_date as createDate FROM project_info WHERE 1 = 1 AND created_by = ? ORDER BY creation_date DESC 
2020-11-25 11:41:37.038 [http-nio-8085-exec-7] DEBUG c.a.q.d.P.queryProjectList -==>  Preparing: SELECT id,project_name as projectName,project_content as projectContent,creation_date as createDate FROM project_info WHERE 1 = 1 AND created_by = ? ORDER BY creation_date DESC 
2020-11-25 11:41:37.048 [http-nio-8085-exec-7] DEBUG c.a.q.d.P.queryProjectList -==> Parameters: admin(String)
2020-11-25 11:41:37.048 [http-nio-8085-exec-7] DEBUG c.a.q.d.P.queryProjectList -==> Parameters: admin(String)
2020-11-25 11:41:37.057 [http-nio-8085-exec-7] DEBUG c.a.q.d.P.queryProjectList -<==      Total: 2
2020-11-25 11:41:37.057 [http-nio-8085-exec-7] DEBUG c.a.q.d.P.queryProjectList -<==      Total: 2
2020-11-25 11:41:42.477 [http-nio-8085-exec-4] DEBUG c.a.q.d.P.queryProjectList -==>  Preparing: SELECT id,project_name as projectName,project_content as projectContent,creation_date as createDate FROM project_info WHERE 1 = 1 AND created_by = ? ORDER BY creation_date DESC 
2020-11-25 11:41:42.477 [http-nio-8085-exec-4] DEBUG c.a.q.d.P.queryProjectList -==>  Preparing: SELECT id,project_name as projectName,project_content as projectContent,creation_date as createDate FROM project_info WHERE 1 = 1 AND created_by = ? ORDER BY creation_date DESC 
2020-11-25 11:41:42.477 [http-nio-8085-exec-4] DEBUG c.a.q.d.P.queryProjectList -==> Parameters: admin(String)
2020-11-25 11:41:42.477 [http-nio-8085-exec-4] DEBUG c.a.q.d.P.queryProjectList -==> Parameters: admin(String)
2020-11-25 11:41:42.479 [http-nio-8085-exec-4] DEBUG c.a.q.d.P.queryProjectList -<==      Total: 2
2020-11-25 11:41:42.479 [http-nio-8085-exec-4] DEBUG c.a.q.d.P.queryProjectList -<==      Total: 2
2020-11-25 11:42:16.519 [http-nio-8085-exec-1] DEBUG c.a.q.d.P.queryProjectList -==>  Preparing: SELECT id,project_name as projectName,project_content as projectContent,creation_date as createDate FROM project_info WHERE 1 = 1 AND created_by = ? ORDER BY creation_date DESC 
2020-11-25 11:42:16.519 [http-nio-8085-exec-1] DEBUG c.a.q.d.P.queryProjectList -==>  Preparing: SELECT id,project_name as projectName,project_content as projectContent,creation_date as createDate FROM project_info WHERE 1 = 1 AND created_by = ? ORDER BY creation_date DESC 
2020-11-25 11:42:16.519 [http-nio-8085-exec-1] DEBUG c.a.q.d.P.queryProjectList -==> Parameters: admin(String)
2020-11-25 11:42:16.519 [http-nio-8085-exec-1] DEBUG c.a.q.d.P.queryProjectList -==> Parameters: admin(String)
2020-11-25 11:42:16.521 [http-nio-8085-exec-1] DEBUG c.a.q.d.P.queryProjectList -<==      Total: 2
2020-11-25 11:42:16.521 [http-nio-8085-exec-1] DEBUG c.a.q.d.P.queryProjectList -<==      Total: 2
2020-11-25 11:48:10.680 [http-nio-8085-exec-4] DEBUG c.a.q.d.P.queryProjectList -==>  Preparing: SELECT id,project_name as projectName,project_content as projectContent,creation_date as createDate FROM project_info WHERE 1 = 1 AND created_by = ? ORDER BY creation_date DESC 
2020-11-25 11:48:10.680 [http-nio-8085-exec-4] DEBUG c.a.q.d.P.queryProjectList -==>  Preparing: SELECT id,project_name as projectName,project_content as projectContent,creation_date as createDate FROM project_info WHERE 1 = 1 AND created_by = ? ORDER BY creation_date DESC 
2020-11-25 11:48:10.680 [http-nio-8085-exec-4] DEBUG c.a.q.d.P.queryProjectList -==> Parameters: admin(String)
2020-11-25 11:48:10.680 [http-nio-8085-exec-4] DEBUG c.a.q.d.P.queryProjectList -==> Parameters: admin(String)
2020-11-25 11:48:10.696 [http-nio-8085-exec-4] DEBUG c.a.q.d.P.queryProjectList -<==      Total: 2
2020-11-25 11:48:10.696 [http-nio-8085-exec-4] DEBUG c.a.q.d.P.queryProjectList -<==      Total: 2
2020-11-25 11:55:18.845 [http-nio-8085-exec-6] DEBUG c.a.q.d.U.selectAllByName -==>  Preparing: SELECT id,username,password,status FROM user_info WHERE username = ? AND status="1" 
2020-11-25 11:55:18.845 [http-nio-8085-exec-6] DEBUG c.a.q.d.U.selectAllByName -==>  Preparing: SELECT id,username,password,status FROM user_info WHERE username = ? AND status="1" 
2020-11-25 11:55:18.845 [http-nio-8085-exec-6] DEBUG c.a.q.d.U.selectAllByName -==> Parameters: admin(String)
2020-11-25 11:55:18.845 [http-nio-8085-exec-6] DEBUG c.a.q.d.U.selectAllByName -==> Parameters: admin(String)
2020-11-25 11:55:18.846 [http-nio-8085-exec-6] DEBUG c.a.q.d.U.selectAllByName -<==      Total: 1
2020-11-25 11:55:18.846 [http-nio-8085-exec-6] DEBUG c.a.q.d.U.selectAllByName -<==      Total: 1
2020-11-25 11:55:18.847 [http-nio-8085-exec-6] DEBUG c.a.q.d.U.selectAllByName -==>  Preparing: SELECT id,username,password,status FROM user_info WHERE username = ? AND status="1" 
2020-11-25 11:55:18.847 [http-nio-8085-exec-6] DEBUG c.a.q.d.U.selectAllByName -==>  Preparing: SELECT id,username,password,status FROM user_info WHERE username = ? AND status="1" 
2020-11-25 11:55:18.847 [http-nio-8085-exec-6] DEBUG c.a.q.d.U.selectAllByName -==> Parameters: admin(String)
2020-11-25 11:55:18.847 [http-nio-8085-exec-6] DEBUG c.a.q.d.U.selectAllByName -==> Parameters: admin(String)
2020-11-25 11:55:18.848 [http-nio-8085-exec-6] DEBUG c.a.q.d.U.selectAllByName -<==      Total: 1
2020-11-25 11:55:18.848 [http-nio-8085-exec-6] DEBUG c.a.q.d.U.selectAllByName -<==      Total: 1
2020-11-25 11:55:19.262 [http-nio-8085-exec-3] DEBUG c.a.q.d.P.queryProjectList -==>  Preparing: SELECT id,project_name as projectName,project_content as projectContent,creation_date as createDate FROM project_info WHERE 1 = 1 AND created_by = ? ORDER BY creation_date DESC 
2020-11-25 11:55:19.262 [http-nio-8085-exec-3] DEBUG c.a.q.d.P.queryProjectList -==>  Preparing: SELECT id,project_name as projectName,project_content as projectContent,creation_date as createDate FROM project_info WHERE 1 = 1 AND created_by = ? ORDER BY creation_date DESC 
2020-11-25 11:55:19.263 [http-nio-8085-exec-3] DEBUG c.a.q.d.P.queryProjectList -==> Parameters: admin(String)
2020-11-25 11:55:19.263 [http-nio-8085-exec-3] DEBUG c.a.q.d.P.queryProjectList -==> Parameters: admin(String)
2020-11-25 11:55:19.265 [http-nio-8085-exec-3] DEBUG c.a.q.d.P.queryProjectList -<==      Total: 2
2020-11-25 11:55:19.265 [http-nio-8085-exec-3] DEBUG c.a.q.d.P.queryProjectList -<==      Total: 2
2020-11-25 12:25:19.043 [http-nio-8085-exec-7] DEBUG c.a.q.d.P.queryProjectList -==>  Preparing: SELECT id,project_name as projectName,project_content as projectContent,creation_date as createDate FROM project_info WHERE 1 = 1 AND created_by = ? ORDER BY creation_date DESC 
2020-11-25 12:25:19.043 [http-nio-8085-exec-7] DEBUG c.a.q.d.P.queryProjectList -==>  Preparing: SELECT id,project_name as projectName,project_content as projectContent,creation_date as createDate FROM project_info WHERE 1 = 1 AND created_by = ? ORDER BY creation_date DESC 
2020-11-25 12:25:19.045 [http-nio-8085-exec-7] DEBUG c.a.q.d.P.queryProjectList -==> Parameters: admin(String)
2020-11-25 12:25:19.045 [http-nio-8085-exec-7] DEBUG c.a.q.d.P.queryProjectList -==> Parameters: admin(String)
2020-11-25 12:25:19.133 [http-nio-8085-exec-7] DEBUG c.a.q.d.P.queryProjectList -<==      Total: 2
2020-11-25 12:25:19.133 [http-nio-8085-exec-7] DEBUG c.a.q.d.P.queryProjectList -<==      Total: 2
2020-11-25 13:24:58.743 [http-nio-8085-exec-6] DEBUG c.a.q.d.P.queryProjectList -==>  Preparing: SELECT id,project_name as projectName,project_content as projectContent,creation_date as createDate FROM project_info WHERE 1 = 1 AND created_by = ? ORDER BY creation_date DESC 
2020-11-25 13:24:58.743 [http-nio-8085-exec-6] DEBUG c.a.q.d.P.queryProjectList -==>  Preparing: SELECT id,project_name as projectName,project_content as projectContent,creation_date as createDate FROM project_info WHERE 1 = 1 AND created_by = ? ORDER BY creation_date DESC 
2020-11-25 13:24:58.750 [http-nio-8085-exec-6] DEBUG c.a.q.d.P.queryProjectList -==> Parameters: admin(String)
2020-11-25 13:24:58.750 [http-nio-8085-exec-6] DEBUG c.a.q.d.P.queryProjectList -==> Parameters: admin(String)
2020-11-25 13:24:58.973 [http-nio-8085-exec-6] DEBUG c.a.q.d.P.queryProjectList -<==      Total: 2
2020-11-25 13:24:58.973 [http-nio-8085-exec-6] DEBUG c.a.q.d.P.queryProjectList -<==      Total: 2
2020-11-25 13:25:03.607 [http-nio-8085-exec-9] DEBUG c.a.q.d.U.selectAllByName -==>  Preparing: SELECT id,username,password,status FROM user_info WHERE username = ? AND status="1" 
2020-11-25 13:25:03.607 [http-nio-8085-exec-9] DEBUG c.a.q.d.U.selectAllByName -==>  Preparing: SELECT id,username,password,status FROM user_info WHERE username = ? AND status="1" 
2020-11-25 13:25:03.608 [http-nio-8085-exec-9] DEBUG c.a.q.d.U.selectAllByName -==> Parameters: admin(String)
2020-11-25 13:25:03.608 [http-nio-8085-exec-9] DEBUG c.a.q.d.U.selectAllByName -==> Parameters: admin(String)
2020-11-25 13:25:03.610 [http-nio-8085-exec-9] DEBUG c.a.q.d.U.selectAllByName -<==      Total: 1
2020-11-25 13:25:03.610 [http-nio-8085-exec-9] DEBUG c.a.q.d.U.selectAllByName -<==      Total: 1
2020-11-25 13:25:03.619 [http-nio-8085-exec-9] DEBUG c.a.q.d.U.selectAllByName -==>  Preparing: SELECT id,username,password,status FROM user_info WHERE username = ? AND status="1" 
2020-11-25 13:25:03.619 [http-nio-8085-exec-9] DEBUG c.a.q.d.U.selectAllByName -==>  Preparing: SELECT id,username,password,status FROM user_info WHERE username = ? AND status="1" 
2020-11-25 13:25:03.619 [http-nio-8085-exec-9] DEBUG c.a.q.d.U.selectAllByName -==> Parameters: admin(String)
2020-11-25 13:25:03.619 [http-nio-8085-exec-9] DEBUG c.a.q.d.U.selectAllByName -==> Parameters: admin(String)
2020-11-25 13:25:03.620 [http-nio-8085-exec-9] DEBUG c.a.q.d.U.selectAllByName -<==      Total: 1
2020-11-25 13:25:03.620 [http-nio-8085-exec-9] DEBUG c.a.q.d.U.selectAllByName -<==      Total: 1
2020-11-25 13:25:04.098 [http-nio-8085-exec-2] DEBUG c.a.q.d.P.queryProjectList -==>  Preparing: SELECT id,project_name as projectName,project_content as projectContent,creation_date as createDate FROM project_info WHERE 1 = 1 AND created_by = ? ORDER BY creation_date DESC 
2020-11-25 13:25:04.098 [http-nio-8085-exec-2] DEBUG c.a.q.d.P.queryProjectList -==>  Preparing: SELECT id,project_name as projectName,project_content as projectContent,creation_date as createDate FROM project_info WHERE 1 = 1 AND created_by = ? ORDER BY creation_date DESC 
2020-11-25 13:25:04.099 [http-nio-8085-exec-2] DEBUG c.a.q.d.P.queryProjectList -==> Parameters: admin(String)
2020-11-25 13:25:04.099 [http-nio-8085-exec-2] DEBUG c.a.q.d.P.queryProjectList -==> Parameters: admin(String)
2020-11-25 13:25:04.102 [http-nio-8085-exec-2] DEBUG c.a.q.d.P.queryProjectList -<==      Total: 2
2020-11-25 13:25:04.102 [http-nio-8085-exec-2] DEBUG c.a.q.d.P.queryProjectList -<==      Total: 2
2020-11-25 14:02:31.163 [http-nio-8085-exec-5] DEBUG c.a.q.d.U.selectAllByName -==>  Preparing: SELECT id,username,password,status FROM user_info WHERE username = ? AND status="1" 
2020-11-25 14:02:31.163 [http-nio-8085-exec-5] DEBUG c.a.q.d.U.selectAllByName -==>  Preparing: SELECT id,username,password,status FROM user_info WHERE username = ? AND status="1" 
2020-11-25 14:02:31.186 [http-nio-8085-exec-5] DEBUG c.a.q.d.U.selectAllByName -==> Parameters: admin(String)
2020-11-25 14:02:31.186 [http-nio-8085-exec-5] DEBUG c.a.q.d.U.selectAllByName -==> Parameters: admin(String)
2020-11-25 14:02:31.422 [http-nio-8085-exec-5] DEBUG c.a.q.d.U.selectAllByName -<==      Total: 1
2020-11-25 14:02:31.422 [http-nio-8085-exec-5] DEBUG c.a.q.d.U.selectAllByName -<==      Total: 1
2020-11-25 14:02:31.423 [http-nio-8085-exec-5] DEBUG c.a.q.d.U.selectAllByName -==>  Preparing: SELECT id,username,password,status FROM user_info WHERE username = ? AND status="1" 
2020-11-25 14:02:31.423 [http-nio-8085-exec-5] DEBUG c.a.q.d.U.selectAllByName -==>  Preparing: SELECT id,username,password,status FROM user_info WHERE username = ? AND status="1" 
2020-11-25 14:02:31.424 [http-nio-8085-exec-5] DEBUG c.a.q.d.U.selectAllByName -==> Parameters: admin(String)
2020-11-25 14:02:31.424 [http-nio-8085-exec-5] DEBUG c.a.q.d.U.selectAllByName -==> Parameters: admin(String)
2020-11-25 14:02:31.425 [http-nio-8085-exec-5] DEBUG c.a.q.d.U.selectAllByName -<==      Total: 1
2020-11-25 14:02:31.425 [http-nio-8085-exec-5] DEBUG c.a.q.d.U.selectAllByName -<==      Total: 1
2020-11-25 14:02:31.945 [http-nio-8085-exec-6] DEBUG c.a.q.d.P.queryProjectList -==>  Preparing: SELECT id,project_name as projectName,project_content as projectContent,creation_date as createDate FROM project_info WHERE 1 = 1 AND created_by = ? ORDER BY creation_date DESC 
2020-11-25 14:02:31.945 [http-nio-8085-exec-6] DEBUG c.a.q.d.P.queryProjectList -==>  Preparing: SELECT id,project_name as projectName,project_content as projectContent,creation_date as createDate FROM project_info WHERE 1 = 1 AND created_by = ? ORDER BY creation_date DESC 
2020-11-25 14:02:31.947 [http-nio-8085-exec-6] DEBUG c.a.q.d.P.queryProjectList -==> Parameters: admin(String)
2020-11-25 14:02:31.947 [http-nio-8085-exec-6] DEBUG c.a.q.d.P.queryProjectList -==> Parameters: admin(String)
2020-11-25 14:02:31.969 [http-nio-8085-exec-6] DEBUG c.a.q.d.P.queryProjectList -<==      Total: 2
2020-11-25 14:02:31.969 [http-nio-8085-exec-6] DEBUG c.a.q.d.P.queryProjectList -<==      Total: 2
2020-11-25 21:42:05.947 [http-nio-8085-exec-3] DEBUG c.a.q.d.U.selectAllByName -==>  Preparing: SELECT id,username,password,status FROM user_info WHERE username = ? AND status="1" 
2020-11-25 21:42:05.947 [http-nio-8085-exec-3] DEBUG c.a.q.d.U.selectAllByName -==>  Preparing: SELECT id,username,password,status FROM user_info WHERE username = ? AND status="1" 
2020-11-25 21:42:06.007 [http-nio-8085-exec-3] DEBUG c.a.q.d.U.selectAllByName -==> Parameters: admin(String)
2020-11-25 21:42:06.007 [http-nio-8085-exec-3] DEBUG c.a.q.d.U.selectAllByName -==> Parameters: admin(String)
2020-11-25 21:42:06.260 [http-nio-8085-exec-3] DEBUG c.a.q.d.U.selectAllByName -<==      Total: 1
2020-11-25 21:42:06.260 [http-nio-8085-exec-3] DEBUG c.a.q.d.U.selectAllByName -<==      Total: 1
2020-11-25 21:42:06.262 [http-nio-8085-exec-3] DEBUG c.a.q.d.U.selectAllByName -==>  Preparing: SELECT id,username,password,status FROM user_info WHERE username = ? AND status="1" 
2020-11-25 21:42:06.262 [http-nio-8085-exec-3] DEBUG c.a.q.d.U.selectAllByName -==>  Preparing: SELECT id,username,password,status FROM user_info WHERE username = ? AND status="1" 
2020-11-25 21:42:06.262 [http-nio-8085-exec-3] DEBUG c.a.q.d.U.selectAllByName -==> Parameters: admin(String)
2020-11-25 21:42:06.262 [http-nio-8085-exec-3] DEBUG c.a.q.d.U.selectAllByName -==> Parameters: admin(String)
2020-11-25 21:42:06.263 [http-nio-8085-exec-3] DEBUG c.a.q.d.U.selectAllByName -<==      Total: 1
2020-11-25 21:42:06.263 [http-nio-8085-exec-3] DEBUG c.a.q.d.U.selectAllByName -<==      Total: 1
2020-11-25 21:42:07.058 [http-nio-8085-exec-8] DEBUG c.a.q.d.P.queryProjectList -==>  Preparing: SELECT id,project_name as projectName,project_content as projectContent,creation_date as createDate FROM project_info WHERE 1 = 1 AND created_by = ? ORDER BY creation_date DESC 
2020-11-25 21:42:07.058 [http-nio-8085-exec-8] DEBUG c.a.q.d.P.queryProjectList -==>  Preparing: SELECT id,project_name as projectName,project_content as projectContent,creation_date as createDate FROM project_info WHERE 1 = 1 AND created_by = ? ORDER BY creation_date DESC 
2020-11-25 21:42:07.059 [http-nio-8085-exec-8] DEBUG c.a.q.d.P.queryProjectList -==> Parameters: admin(String)
2020-11-25 21:42:07.059 [http-nio-8085-exec-8] DEBUG c.a.q.d.P.queryProjectList -==> Parameters: admin(String)
2020-11-25 21:42:07.089 [http-nio-8085-exec-8] DEBUG c.a.q.d.P.queryProjectList -<==      Total: 2
2020-11-25 21:42:07.089 [http-nio-8085-exec-8] DEBUG c.a.q.d.P.queryProjectList -<==      Total: 2
2020-11-25 22:11:58.052 [http-nio-8085-exec-1] DEBUG c.a.q.d.U.selectAllByName -==>  Preparing: SELECT id,username,password,status FROM user_info WHERE username = ? AND status="1" 
2020-11-25 22:11:58.052 [http-nio-8085-exec-1] DEBUG c.a.q.d.U.selectAllByName -==>  Preparing: SELECT id,username,password,status FROM user_info WHERE username = ? AND status="1" 
2020-11-25 22:11:58.053 [http-nio-8085-exec-1] DEBUG c.a.q.d.U.selectAllByName -==> Parameters: admin(String)
2020-11-25 22:11:58.053 [http-nio-8085-exec-1] DEBUG c.a.q.d.U.selectAllByName -==> Parameters: admin(String)
2020-11-25 22:11:58.188 [http-nio-8085-exec-1] DEBUG c.a.q.d.U.selectAllByName -<==      Total: 1
2020-11-25 22:11:58.188 [http-nio-8085-exec-1] DEBUG c.a.q.d.U.selectAllByName -<==      Total: 1
2020-11-25 22:11:58.189 [http-nio-8085-exec-1] DEBUG c.a.q.d.U.selectAllByName -==>  Preparing: SELECT id,username,password,status FROM user_info WHERE username = ? AND status="1" 
2020-11-25 22:11:58.189 [http-nio-8085-exec-1] DEBUG c.a.q.d.U.selectAllByName -==>  Preparing: SELECT id,username,password,status FROM user_info WHERE username = ? AND status="1" 
2020-11-25 22:11:58.189 [http-nio-8085-exec-1] DEBUG c.a.q.d.U.selectAllByName -==> Parameters: admin(String)
2020-11-25 22:11:58.189 [http-nio-8085-exec-1] DEBUG c.a.q.d.U.selectAllByName -==> Parameters: admin(String)
2020-11-25 22:11:58.190 [http-nio-8085-exec-1] DEBUG c.a.q.d.U.selectAllByName -<==      Total: 1
2020-11-25 22:11:58.190 [http-nio-8085-exec-1] DEBUG c.a.q.d.U.selectAllByName -<==      Total: 1
2020-11-25 22:11:58.660 [http-nio-8085-exec-9] DEBUG c.a.q.d.P.queryProjectList -==>  Preparing: SELECT id,project_name as projectName,project_content as projectContent,creation_date as createDate FROM project_info WHERE 1 = 1 AND created_by = ? ORDER BY creation_date DESC 
2020-11-25 22:11:58.660 [http-nio-8085-exec-9] DEBUG c.a.q.d.P.queryProjectList -==>  Preparing: SELECT id,project_name as projectName,project_content as projectContent,creation_date as createDate FROM project_info WHERE 1 = 1 AND created_by = ? ORDER BY creation_date DESC 
2020-11-25 22:11:58.662 [http-nio-8085-exec-9] DEBUG c.a.q.d.P.queryProjectList -==> Parameters: admin(String)
2020-11-25 22:11:58.662 [http-nio-8085-exec-9] DEBUG c.a.q.d.P.queryProjectList -==> Parameters: admin(String)
2020-11-25 22:11:58.683 [http-nio-8085-exec-9] DEBUG c.a.q.d.P.queryProjectList -<==      Total: 2
2020-11-25 22:11:58.683 [http-nio-8085-exec-9] DEBUG c.a.q.d.P.queryProjectList -<==      Total: 2
